#
# There is insufficient memory for the Java Runtime Environment to continue.
# Native memory allocation (malloc) failed to allocate 1072576 bytes for Chunk::new
# Possible reasons:
#   The system is out of physical RAM or swap space
#   The process is running with CompressedOops enabled, and the Java Heap may be blocking the growth of the native heap
# Possible solutions:
#   Reduce memory load on the system
#   Increase physical memory or swap space
#   Check if swap backing store is full
#   Decrease Java heap size (-Xmx/-Xms)
#   Decrease number of Java threads
#   Decrease Java thread stack sizes (-Xss)
#   Set larger code cache with -XX:ReservedCodeCacheSize=
#   JVM is running with Unscaled Compressed Oops mode in which the Java heap is
#     placed in the first 4GB address space. The Java Heap base address is the
#     maximum limit for the native heap growth. Please use -XX:HeapBaseMinAddress
#     to set the Java Heap base and to place the Java Heap above 4GB virtual address.
# This output file may be truncated or incomplete.
#
#  Out of Memory Error (arena.cpp:189), pid=47008, tid=39048
#
# JRE version: Java(TM) SE Runtime Environment (17.0.10+11) (build 17.0.10+11-LTS-240)
# Java VM: Java HotSpot(TM) 64-Bit Server VM (17.0.10+11-LTS-240, mixed mode, sharing, tiered, compressed oops, compressed class ptrs, g1 gc, windows-amd64)
# No core dump will be written. Minidumps are not enabled by default on client versions of Windows
#

---------------  S U M M A R Y ------------

Command Line: -javaagent:D:\IntelliJ IDEA Community Edition 2023.3.3\lib\idea_rt.jar=65044:D:\IntelliJ IDEA Community Edition 2023.3.3\bin -Dfile.encoding=UTF-8 com.nowcoder.community.CommunityApplication

Host: Intel(R) Core(TM) i5-10210U CPU @ 1.60GHz, 8 cores, 7G,  Windows 11 , 64 bit Build 22000 (10.0.22000.2538)
Time: Sat Feb 17 11:09:20 2024  Windows 11 , 64 bit Build 22000 (10.0.22000.2538) elapsed time: 4.519686 seconds (0d 0h 0m 4s)

---------------  T H R E A D  ---------------

Current thread (0x00000217a6757870):  JavaThread "C2 CompilerThread0" daemon [_thread_in_native, id=39048, stack(0x000000eb8b800000,0x000000eb8b900000)]


Current CompileTask:
C2:   4519 1715       4       jdk.internal.org.objectweb.asm.Frame::execute (2305 bytes)

Stack: [0x000000eb8b800000,0x000000eb8b900000]
Native frames: (J=compiled Java code, j=interpreted, Vv=VM code, C=native code)
V  [jvm.dll+0x677a5a]
V  [jvm.dll+0x7d8b2d]
V  [jvm.dll+0x7da48e]
V  [jvm.dll+0x7daaf3]
V  [jvm.dll+0x2455ff]
V  [jvm.dll+0xaaafb]
V  [jvm.dll+0xab09c]
V  [jvm.dll+0x2aafef]
V  [jvm.dll+0x57fd55]
V  [jvm.dll+0x220472]
V  [jvm.dll+0x22084f]
V  [jvm.dll+0x2197a6]
V  [jvm.dll+0x216c79]
V  [jvm.dll+0x1a3410]
V  [jvm.dll+0x226aeb]
V  [jvm.dll+0x224cab]
V  [jvm.dll+0x78e45c]
V  [jvm.dll+0x78888a]
V  [jvm.dll+0x676935]
C  [ucrtbase.dll+0x26c0c]
C  [KERNEL32.DLL+0x153e0]
C  [ntdll.dll+0x485b]


---------------  P R O C E S S  ---------------

Threads class SMR info:
_java_thread_list=0x00000217ecbb3a40, length=15, elements={
0x00000217866fda20, 0x00000217a6730d60, 0x00000217a6731be0, 0x00000217a674f870,
0x00000217a6751240, 0x00000217a6751c00, 0x00000217a67535d0, 0x00000217a6757870,
0x00000217a6760330, 0x00000217a6777550, 0x00000217a6719570, 0x00000217a6b7b8d0,
0x00000217a6b7bdb0, 0x00000217ec52ff20, 0x00000217ec52e030
}

Java Threads: ( => current thread )
  0x00000217866fda20 JavaThread "main" [_thread_blocked, id=47272, stack(0x000000eb8ab00000,0x000000eb8ac00000)]
  0x00000217a6730d60 JavaThread "Reference Handler" daemon [_thread_blocked, id=39740, stack(0x000000eb8b200000,0x000000eb8b300000)]
  0x00000217a6731be0 JavaThread "Finalizer" daemon [_thread_blocked, id=46440, stack(0x000000eb8b300000,0x000000eb8b400000)]
  0x00000217a674f870 JavaThread "Signal Dispatcher" daemon [_thread_blocked, id=35964, stack(0x000000eb8b400000,0x000000eb8b500000)]
  0x00000217a6751240 JavaThread "Attach Listener" daemon [_thread_blocked, id=16064, stack(0x000000eb8b500000,0x000000eb8b600000)]
  0x00000217a6751c00 JavaThread "Service Thread" daemon [_thread_blocked, id=21656, stack(0x000000eb8b600000,0x000000eb8b700000)]
  0x00000217a67535d0 JavaThread "Monitor Deflation Thread" daemon [_thread_blocked, id=39628, stack(0x000000eb8b700000,0x000000eb8b800000)]
=>0x00000217a6757870 JavaThread "C2 CompilerThread0" daemon [_thread_in_native, id=39048, stack(0x000000eb8b800000,0x000000eb8b900000)]
  0x00000217a6760330 JavaThread "C1 CompilerThread0" daemon [_thread_blocked, id=26292, stack(0x000000eb8b900000,0x000000eb8ba00000)]
  0x00000217a6777550 JavaThread "Sweeper thread" daemon [_thread_blocked, id=46372, stack(0x000000eb8ba00000,0x000000eb8bb00000)]
  0x00000217a6719570 JavaThread "Common-Cleaner" daemon [_thread_blocked, id=11920, stack(0x000000eb8bb00000,0x000000eb8bc00000)]
  0x00000217a6b7b8d0 JavaThread "Monitor Ctrl-Break" daemon [_thread_in_native, id=47884, stack(0x000000eb8bc00000,0x000000eb8bd00000)]
  0x00000217a6b7bdb0 JavaThread "Notification Thread" daemon [_thread_blocked, id=45328, stack(0x000000eb8bd00000,0x000000eb8be00000)]
  0x00000217ec52ff20 JavaThread "Thread-0" [_thread_blocked, id=39888, stack(0x000000eb8bf00000,0x000000eb8c000000)]
  0x00000217ec52e030 JavaThread "restartedMain" [_thread_in_Java, id=45248, stack(0x000000eb8c000000,0x000000eb8c100000)]

Other Threads:
  0x00000217a672c150 VMThread "VM Thread" [stack: 0x000000eb8b100000,0x000000eb8b200000] [id=33296]
  0x0000021786779fd0 WatcherThread [stack: 0x000000eb8be00000,0x000000eb8bf00000] [id=38512]
  0x000002178675a330 GCTaskThread "GC Thread#0" [stack: 0x000000eb8ac00000,0x000000eb8ad00000] [id=41708]
  0x00000217ec5ab840 GCTaskThread "GC Thread#1" [stack: 0x000000eb8c100000,0x000000eb8c200000] [id=26664]
  0x00000217ec6e6030 GCTaskThread "GC Thread#2" [stack: 0x000000eb8c200000,0x000000eb8c300000] [id=39552]
  0x00000217ec6e62f0 GCTaskThread "GC Thread#3" [stack: 0x000000eb8c300000,0x000000eb8c400000] [id=31412]
  0x00000217ec6e65b0 GCTaskThread "GC Thread#4" [stack: 0x000000eb8c400000,0x000000eb8c500000] [id=42412]
  0x00000217ec6e6870 GCTaskThread "GC Thread#5" [stack: 0x000000eb8c500000,0x000000eb8c600000] [id=34116]
  0x00000217ec6fe9b0 GCTaskThread "GC Thread#6" [stack: 0x000000eb8c600000,0x000000eb8c700000] [id=45688]
  0x00000217ec627090 GCTaskThread "GC Thread#7" [stack: 0x000000eb8c700000,0x000000eb8c800000] [id=40200]
  0x000002178653de90 ConcurrentGCThread "G1 Main Marker" [stack: 0x000000eb8ad00000,0x000000eb8ae00000] [id=47244]
  0x000002178653e8a0 ConcurrentGCThread "G1 Conc#0" [stack: 0x000000eb8ae00000,0x000000eb8af00000] [id=18212]
  0x00000217867cd2e0 ConcurrentGCThread "G1 Refine#0" [stack: 0x000000eb8af00000,0x000000eb8b000000] [id=43600]
  0x00000217867cdd10 ConcurrentGCThread "G1 Service" [stack: 0x000000eb8b000000,0x000000eb8b100000] [id=39892]

Threads with active compile tasks:
C2 CompilerThread0     4644 1715       4       jdk.internal.org.objectweb.asm.Frame::execute (2305 bytes)
C1 CompilerThread0     4644 1925 %     3       java.util.Properties::load0 @ 29 (249 bytes)

VM state: not at safepoint (normal execution)

VM Mutex/Monitor currently owned by a thread: None

Heap address: 0x0000000082a00000, size: 2006 MB, Compressed Oops mode: 32-bit

CDS archive(s) mapped at: [0x00000217a7000000-0x00000217a7bd0000-0x00000217a7bd0000), size 12386304, SharedBaseAddress: 0x00000217a7000000, ArchiveRelocationMode: 1.
Compressed class space mapped at: 0x00000217a8000000-0x00000217e8000000, reserved size: 1073741824
Narrow klass base: 0x00000217a7000000, Narrow klass shift: 0, Narrow klass range: 0x100000000

GC Precious Log:
 CPUs: 8 total, 8 available
 Memory: 8022M
 Large Page Support: Disabled
 NUMA Support: Disabled
 Compressed Oops: Enabled (32-bit)
 Heap Region Size: 1M
 Heap Min Capacity: 8M
 Heap Initial Capacity: 126M
 Heap Max Capacity: 2006M
 Pre-touch: Disabled
 Parallel Workers: 8
 Concurrent Workers: 2
 Concurrent Refinement Workers: 8
 Periodic GC: Disabled

Heap:
 garbage-first heap   total 129024K, used 14596K [0x0000000082a00000, 0x0000000100000000)
  region size 1024K, 12 young (12288K), 3 survivors (3072K)
 Metaspace       used 15633K, committed 15936K, reserved 1114112K
  class space    used 1920K, committed 2048K, reserved 1048576K

Heap Regions: E=young(eden), S=young(survivor), O=old, HS=humongous(starts), HC=humongous(continues), CS=collection set, F=free, OA=open archive, CA=closed archive, TAMS=top-at-mark-start (previous, next)
|   0|0x0000000082a00000, 0x0000000082b00000, 0x0000000082b00000|100%| O|  |TAMS 0x0000000082a00000, 0x0000000082a00000| Untracked 
|   1|0x0000000082b00000, 0x0000000082c00000, 0x0000000082c00000|100%| O|  |TAMS 0x0000000082b00000, 0x0000000082b00000| Untracked 
|   2|0x0000000082c00000, 0x0000000082d00000, 0x0000000082d00000|100%| O|  |TAMS 0x0000000082c00000, 0x0000000082c00000| Untracked 
|   3|0x0000000082d00000, 0x0000000082e00000, 0x0000000082e00000|100%| O|  |TAMS 0x0000000082d00000, 0x0000000082d00000| Untracked 
|   4|0x0000000082e00000, 0x0000000082efa000, 0x0000000082f00000| 97%| O|  |TAMS 0x0000000082e00000, 0x0000000082e00000| Untracked 
|   5|0x0000000082f00000, 0x0000000082f00000, 0x0000000083000000|  0%| F|  |TAMS 0x0000000082f00000, 0x0000000082f00000| Untracked 
|   6|0x0000000083000000, 0x0000000083000000, 0x0000000083100000|  0%| F|  |TAMS 0x0000000083000000, 0x0000000083000000| Untracked 
|   7|0x0000000083100000, 0x0000000083100000, 0x0000000083200000|  0%| F|  |TAMS 0x0000000083100000, 0x0000000083100000| Untracked 
|   8|0x0000000083200000, 0x0000000083200000, 0x0000000083300000|  0%| F|  |TAMS 0x0000000083200000, 0x0000000083200000| Untracked 
|   9|0x0000000083300000, 0x0000000083300000, 0x0000000083400000|  0%| F|  |TAMS 0x0000000083300000, 0x0000000083300000| Untracked 
|  10|0x0000000083400000, 0x0000000083400000, 0x0000000083500000|  0%| F|  |TAMS 0x0000000083400000, 0x0000000083400000| Untracked 
|  11|0x0000000083500000, 0x0000000083500000, 0x0000000083600000|  0%| F|  |TAMS 0x0000000083500000, 0x0000000083500000| Untracked 
|  12|0x0000000083600000, 0x0000000083600000, 0x0000000083700000|  0%| F|  |TAMS 0x0000000083600000, 0x0000000083600000| Untracked 
|  13|0x0000000083700000, 0x0000000083700000, 0x0000000083800000|  0%| F|  |TAMS 0x0000000083700000, 0x0000000083700000| Untracked 
|  14|0x0000000083800000, 0x0000000083800000, 0x0000000083900000|  0%| F|  |TAMS 0x0000000083800000, 0x0000000083800000| Untracked 
|  15|0x0000000083900000, 0x0000000083900000, 0x0000000083a00000|  0%| F|  |TAMS 0x0000000083900000, 0x0000000083900000| Untracked 
|  16|0x0000000083a00000, 0x0000000083a00000, 0x0000000083b00000|  0%| F|  |TAMS 0x0000000083a00000, 0x0000000083a00000| Untracked 
|  17|0x0000000083b00000, 0x0000000083b00000, 0x0000000083c00000|  0%| F|  |TAMS 0x0000000083b00000, 0x0000000083b00000| Untracked 
|  18|0x0000000083c00000, 0x0000000083c00000, 0x0000000083d00000|  0%| F|  |TAMS 0x0000000083c00000, 0x0000000083c00000| Untracked 
|  19|0x0000000083d00000, 0x0000000083d00000, 0x0000000083e00000|  0%| F|  |TAMS 0x0000000083d00000, 0x0000000083d00000| Untracked 
|  20|0x0000000083e00000, 0x0000000083e00000, 0x0000000083f00000|  0%| F|  |TAMS 0x0000000083e00000, 0x0000000083e00000| Untracked 
|  21|0x0000000083f00000, 0x0000000083f00000, 0x0000000084000000|  0%| F|  |TAMS 0x0000000083f00000, 0x0000000083f00000| Untracked 
|  22|0x0000000084000000, 0x0000000084000000, 0x0000000084100000|  0%| F|  |TAMS 0x0000000084000000, 0x0000000084000000| Untracked 
|  23|0x0000000084100000, 0x0000000084100000, 0x0000000084200000|  0%| F|  |TAMS 0x0000000084100000, 0x0000000084100000| Untracked 
|  24|0x0000000084200000, 0x0000000084200000, 0x0000000084300000|  0%| F|  |TAMS 0x0000000084200000, 0x0000000084200000| Untracked 
|  25|0x0000000084300000, 0x0000000084300000, 0x0000000084400000|  0%| F|  |TAMS 0x0000000084300000, 0x0000000084300000| Untracked 
|  26|0x0000000084400000, 0x0000000084400000, 0x0000000084500000|  0%| F|  |TAMS 0x0000000084400000, 0x0000000084400000| Untracked 
|  27|0x0000000084500000, 0x0000000084500000, 0x0000000084600000|  0%| F|  |TAMS 0x0000000084500000, 0x0000000084500000| Untracked 
|  28|0x0000000084600000, 0x0000000084600000, 0x0000000084700000|  0%| F|  |TAMS 0x0000000084600000, 0x0000000084600000| Untracked 
|  29|0x0000000084700000, 0x0000000084700000, 0x0000000084800000|  0%| F|  |TAMS 0x0000000084700000, 0x0000000084700000| Untracked 
|  30|0x0000000084800000, 0x0000000084800000, 0x0000000084900000|  0%| F|  |TAMS 0x0000000084800000, 0x0000000084800000| Untracked 
|  31|0x0000000084900000, 0x0000000084900000, 0x0000000084a00000|  0%| F|  |TAMS 0x0000000084900000, 0x0000000084900000| Untracked 
|  32|0x0000000084a00000, 0x0000000084a00000, 0x0000000084b00000|  0%| F|  |TAMS 0x0000000084a00000, 0x0000000084a00000| Untracked 
|  33|0x0000000084b00000, 0x0000000084b00000, 0x0000000084c00000|  0%| F|  |TAMS 0x0000000084b00000, 0x0000000084b00000| Untracked 
|  34|0x0000000084c00000, 0x0000000084c00000, 0x0000000084d00000|  0%| F|  |TAMS 0x0000000084c00000, 0x0000000084c00000| Untracked 
|  35|0x0000000084d00000, 0x0000000084d00000, 0x0000000084e00000|  0%| F|  |TAMS 0x0000000084d00000, 0x0000000084d00000| Untracked 
|  36|0x0000000084e00000, 0x0000000084e00000, 0x0000000084f00000|  0%| F|  |TAMS 0x0000000084e00000, 0x0000000084e00000| Untracked 
|  37|0x0000000084f00000, 0x0000000084f00000, 0x0000000085000000|  0%| F|  |TAMS 0x0000000084f00000, 0x0000000084f00000| Untracked 
|  38|0x0000000085000000, 0x0000000085000000, 0x0000000085100000|  0%| F|  |TAMS 0x0000000085000000, 0x0000000085000000| Untracked 
|  39|0x0000000085100000, 0x0000000085100000, 0x0000000085200000|  0%| F|  |TAMS 0x0000000085100000, 0x0000000085100000| Untracked 
|  40|0x0000000085200000, 0x0000000085200000, 0x0000000085300000|  0%| F|  |TAMS 0x0000000085200000, 0x0000000085200000| Untracked 
|  41|0x0000000085300000, 0x0000000085300000, 0x0000000085400000|  0%| F|  |TAMS 0x0000000085300000, 0x0000000085300000| Untracked 
|  42|0x0000000085400000, 0x0000000085400000, 0x0000000085500000|  0%| F|  |TAMS 0x0000000085400000, 0x0000000085400000| Untracked 
|  43|0x0000000085500000, 0x0000000085500000, 0x0000000085600000|  0%| F|  |TAMS 0x0000000085500000, 0x0000000085500000| Untracked 
|  44|0x0000000085600000, 0x0000000085600000, 0x0000000085700000|  0%| F|  |TAMS 0x0000000085600000, 0x0000000085600000| Untracked 
|  45|0x0000000085700000, 0x0000000085700000, 0x0000000085800000|  0%| F|  |TAMS 0x0000000085700000, 0x0000000085700000| Untracked 
|  46|0x0000000085800000, 0x0000000085800000, 0x0000000085900000|  0%| F|  |TAMS 0x0000000085800000, 0x0000000085800000| Untracked 
|  47|0x0000000085900000, 0x0000000085900000, 0x0000000085a00000|  0%| F|  |TAMS 0x0000000085900000, 0x0000000085900000| Untracked 
|  48|0x0000000085a00000, 0x0000000085a00000, 0x0000000085b00000|  0%| F|  |TAMS 0x0000000085a00000, 0x0000000085a00000| Untracked 
|  49|0x0000000085b00000, 0x0000000085b00000, 0x0000000085c00000|  0%| F|  |TAMS 0x0000000085b00000, 0x0000000085b00000| Untracked 
|  50|0x0000000085c00000, 0x0000000085c00000, 0x0000000085d00000|  0%| F|  |TAMS 0x0000000085c00000, 0x0000000085c00000| Untracked 
|  51|0x0000000085d00000, 0x0000000085d00000, 0x0000000085e00000|  0%| F|  |TAMS 0x0000000085d00000, 0x0000000085d00000| Untracked 
|  52|0x0000000085e00000, 0x0000000085e00000, 0x0000000085f00000|  0%| F|  |TAMS 0x0000000085e00000, 0x0000000085e00000| Untracked 
|  53|0x0000000085f00000, 0x0000000085f00000, 0x0000000086000000|  0%| F|  |TAMS 0x0000000085f00000, 0x0000000085f00000| Untracked 
|  54|0x0000000086000000, 0x0000000086000000, 0x0000000086100000|  0%| F|  |TAMS 0x0000000086000000, 0x0000000086000000| Untracked 
|  55|0x0000000086100000, 0x0000000086100000, 0x0000000086200000|  0%| F|  |TAMS 0x0000000086100000, 0x0000000086100000| Untracked 
|  56|0x0000000086200000, 0x0000000086200000, 0x0000000086300000|  0%| F|  |TAMS 0x0000000086200000, 0x0000000086200000| Untracked 
|  57|0x0000000086300000, 0x0000000086300000, 0x0000000086400000|  0%| F|  |TAMS 0x0000000086300000, 0x0000000086300000| Untracked 
|  58|0x0000000086400000, 0x0000000086400000, 0x0000000086500000|  0%| F|  |TAMS 0x0000000086400000, 0x0000000086400000| Untracked 
|  59|0x0000000086500000, 0x0000000086500000, 0x0000000086600000|  0%| F|  |TAMS 0x0000000086500000, 0x0000000086500000| Untracked 
|  60|0x0000000086600000, 0x0000000086600000, 0x0000000086700000|  0%| F|  |TAMS 0x0000000086600000, 0x0000000086600000| Untracked 
|  61|0x0000000086700000, 0x0000000086700000, 0x0000000086800000|  0%| F|  |TAMS 0x0000000086700000, 0x0000000086700000| Untracked 
|  62|0x0000000086800000, 0x0000000086800000, 0x0000000086900000|  0%| F|  |TAMS 0x0000000086800000, 0x0000000086800000| Untracked 
|  63|0x0000000086900000, 0x0000000086900000, 0x0000000086a00000|  0%| F|  |TAMS 0x0000000086900000, 0x0000000086900000| Untracked 
|  64|0x0000000086a00000, 0x0000000086a00000, 0x0000000086b00000|  0%| F|  |TAMS 0x0000000086a00000, 0x0000000086a00000| Untracked 
|  65|0x0000000086b00000, 0x0000000086b00000, 0x0000000086c00000|  0%| F|  |TAMS 0x0000000086b00000, 0x0000000086b00000| Untracked 
|  66|0x0000000086c00000, 0x0000000086c00000, 0x0000000086d00000|  0%| F|  |TAMS 0x0000000086c00000, 0x0000000086c00000| Untracked 
|  67|0x0000000086d00000, 0x0000000086d00000, 0x0000000086e00000|  0%| F|  |TAMS 0x0000000086d00000, 0x0000000086d00000| Untracked 
|  68|0x0000000086e00000, 0x0000000086e00000, 0x0000000086f00000|  0%| F|  |TAMS 0x0000000086e00000, 0x0000000086e00000| Untracked 
|  69|0x0000000086f00000, 0x0000000086f00000, 0x0000000087000000|  0%| F|  |TAMS 0x0000000086f00000, 0x0000000086f00000| Untracked 
|  70|0x0000000087000000, 0x0000000087000000, 0x0000000087100000|  0%| F|  |TAMS 0x0000000087000000, 0x0000000087000000| Untracked 
|  71|0x0000000087100000, 0x0000000087100000, 0x0000000087200000|  0%| F|  |TAMS 0x0000000087100000, 0x0000000087100000| Untracked 
|  72|0x0000000087200000, 0x0000000087200000, 0x0000000087300000|  0%| F|  |TAMS 0x0000000087200000, 0x0000000087200000| Untracked 
|  73|0x0000000087300000, 0x0000000087300000, 0x0000000087400000|  0%| F|  |TAMS 0x0000000087300000, 0x0000000087300000| Untracked 
|  74|0x0000000087400000, 0x0000000087400000, 0x0000000087500000|  0%| F|  |TAMS 0x0000000087400000, 0x0000000087400000| Untracked 
|  75|0x0000000087500000, 0x0000000087500000, 0x0000000087600000|  0%| F|  |TAMS 0x0000000087500000, 0x0000000087500000| Untracked 
|  76|0x0000000087600000, 0x0000000087600000, 0x0000000087700000|  0%| F|  |TAMS 0x0000000087600000, 0x0000000087600000| Untracked 
|  77|0x0000000087700000, 0x0000000087700000, 0x0000000087800000|  0%| F|  |TAMS 0x0000000087700000, 0x0000000087700000| Untracked 
|  78|0x0000000087800000, 0x0000000087800000, 0x0000000087900000|  0%| F|  |TAMS 0x0000000087800000, 0x0000000087800000| Untracked 
|  79|0x0000000087900000, 0x0000000087900000, 0x0000000087a00000|  0%| F|  |TAMS 0x0000000087900000, 0x0000000087900000| Untracked 
|  80|0x0000000087a00000, 0x0000000087a00000, 0x0000000087b00000|  0%| F|  |TAMS 0x0000000087a00000, 0x0000000087a00000| Untracked 
|  81|0x0000000087b00000, 0x0000000087b00000, 0x0000000087c00000|  0%| F|  |TAMS 0x0000000087b00000, 0x0000000087b00000| Untracked 
|  82|0x0000000087c00000, 0x0000000087c00000, 0x0000000087d00000|  0%| F|  |TAMS 0x0000000087c00000, 0x0000000087c00000| Untracked 
|  83|0x0000000087d00000, 0x0000000087d00000, 0x0000000087e00000|  0%| F|  |TAMS 0x0000000087d00000, 0x0000000087d00000| Untracked 
|  84|0x0000000087e00000, 0x0000000087e00000, 0x0000000087f00000|  0%| F|  |TAMS 0x0000000087e00000, 0x0000000087e00000| Untracked 
|  85|0x0000000087f00000, 0x0000000087f00000, 0x0000000088000000|  0%| F|  |TAMS 0x0000000087f00000, 0x0000000087f00000| Untracked 
|  86|0x0000000088000000, 0x0000000088000000, 0x0000000088100000|  0%| F|  |TAMS 0x0000000088000000, 0x0000000088000000| Untracked 
|  87|0x0000000088100000, 0x0000000088100000, 0x0000000088200000|  0%| F|  |TAMS 0x0000000088100000, 0x0000000088100000| Untracked 
|  88|0x0000000088200000, 0x0000000088200000, 0x0000000088300000|  0%| F|  |TAMS 0x0000000088200000, 0x0000000088200000| Untracked 
|  89|0x0000000088300000, 0x0000000088300000, 0x0000000088400000|  0%| F|  |TAMS 0x0000000088300000, 0x0000000088300000| Untracked 
|  90|0x0000000088400000, 0x0000000088400000, 0x0000000088500000|  0%| F|  |TAMS 0x0000000088400000, 0x0000000088400000| Untracked 
|  91|0x0000000088500000, 0x0000000088500000, 0x0000000088600000|  0%| F|  |TAMS 0x0000000088500000, 0x0000000088500000| Untracked 
|  92|0x0000000088600000, 0x0000000088647070, 0x0000000088700000| 27%| S|CS|TAMS 0x0000000088600000, 0x0000000088600000| Complete 
|  93|0x0000000088700000, 0x0000000088800000, 0x0000000088800000|100%| S|CS|TAMS 0x0000000088700000, 0x0000000088700000| Complete 
|  94|0x0000000088800000, 0x0000000088900000, 0x0000000088900000|100%| S|CS|TAMS 0x0000000088800000, 0x0000000088800000| Complete 
|  95|0x0000000088900000, 0x0000000088900000, 0x0000000088a00000|  0%| F|  |TAMS 0x0000000088900000, 0x0000000088900000| Untracked 
|  96|0x0000000088a00000, 0x0000000088a00000, 0x0000000088b00000|  0%| F|  |TAMS 0x0000000088a00000, 0x0000000088a00000| Untracked 
|  97|0x0000000088b00000, 0x0000000088b00000, 0x0000000088c00000|  0%| F|  |TAMS 0x0000000088b00000, 0x0000000088b00000| Untracked 
|  98|0x0000000088c00000, 0x0000000088c00000, 0x0000000088d00000|  0%| F|  |TAMS 0x0000000088c00000, 0x0000000088c00000| Untracked 
|  99|0x0000000088d00000, 0x0000000088d00000, 0x0000000088e00000|  0%| F|  |TAMS 0x0000000088d00000, 0x0000000088d00000| Untracked 
| 100|0x0000000088e00000, 0x0000000088e00000, 0x0000000088f00000|  0%| F|  |TAMS 0x0000000088e00000, 0x0000000088e00000| Untracked 
| 101|0x0000000088f00000, 0x0000000088f00000, 0x0000000089000000|  0%| F|  |TAMS 0x0000000088f00000, 0x0000000088f00000| Untracked 
| 102|0x0000000089000000, 0x0000000089000000, 0x0000000089100000|  0%| F|  |TAMS 0x0000000089000000, 0x0000000089000000| Untracked 
| 103|0x0000000089100000, 0x0000000089100000, 0x0000000089200000|  0%| F|  |TAMS 0x0000000089100000, 0x0000000089100000| Untracked 
| 104|0x0000000089200000, 0x0000000089200000, 0x0000000089300000|  0%| F|  |TAMS 0x0000000089200000, 0x0000000089200000| Untracked 
| 105|0x0000000089300000, 0x0000000089300000, 0x0000000089400000|  0%| F|  |TAMS 0x0000000089300000, 0x0000000089300000| Untracked 
| 106|0x0000000089400000, 0x0000000089400000, 0x0000000089500000|  0%| F|  |TAMS 0x0000000089400000, 0x0000000089400000| Untracked 
| 107|0x0000000089500000, 0x0000000089500000, 0x0000000089600000|  0%| F|  |TAMS 0x0000000089500000, 0x0000000089500000| Untracked 
| 108|0x0000000089600000, 0x0000000089600000, 0x0000000089700000|  0%| F|  |TAMS 0x0000000089600000, 0x0000000089600000| Untracked 
| 109|0x0000000089700000, 0x0000000089700000, 0x0000000089800000|  0%| F|  |TAMS 0x0000000089700000, 0x0000000089700000| Untracked 
| 110|0x0000000089800000, 0x0000000089800000, 0x0000000089900000|  0%| F|  |TAMS 0x0000000089800000, 0x0000000089800000| Untracked 
| 111|0x0000000089900000, 0x0000000089900000, 0x0000000089a00000|  0%| F|  |TAMS 0x0000000089900000, 0x0000000089900000| Untracked 
| 112|0x0000000089a00000, 0x0000000089a00000, 0x0000000089b00000|  0%| F|  |TAMS 0x0000000089a00000, 0x0000000089a00000| Untracked 
| 113|0x0000000089b00000, 0x0000000089b00000, 0x0000000089c00000|  0%| F|  |TAMS 0x0000000089b00000, 0x0000000089b00000| Untracked 
| 114|0x0000000089c00000, 0x0000000089c00000, 0x0000000089d00000|  0%| F|  |TAMS 0x0000000089c00000, 0x0000000089c00000| Untracked 
| 115|0x0000000089d00000, 0x0000000089d00000, 0x0000000089e00000|  0%| F|  |TAMS 0x0000000089d00000, 0x0000000089d00000| Untracked 
| 116|0x0000000089e00000, 0x0000000089e00000, 0x0000000089f00000|  0%| F|  |TAMS 0x0000000089e00000, 0x0000000089e00000| Untracked 
| 117|0x0000000089f00000, 0x000000008a000000, 0x000000008a000000|100%| E|  |TAMS 0x0000000089f00000, 0x0000000089f00000| Complete 
| 118|0x000000008a000000, 0x000000008a100000, 0x000000008a100000|100%| E|CS|TAMS 0x000000008a000000, 0x000000008a000000| Complete 
| 119|0x000000008a100000, 0x000000008a200000, 0x000000008a200000|100%| E|CS|TAMS 0x000000008a100000, 0x000000008a100000| Complete 
| 120|0x000000008a200000, 0x000000008a300000, 0x000000008a300000|100%| E|CS|TAMS 0x000000008a200000, 0x000000008a200000| Complete 
| 121|0x000000008a300000, 0x000000008a400000, 0x000000008a400000|100%| E|CS|TAMS 0x000000008a300000, 0x000000008a300000| Complete 
| 122|0x000000008a400000, 0x000000008a500000, 0x000000008a500000|100%| E|CS|TAMS 0x000000008a400000, 0x000000008a400000| Complete 
| 123|0x000000008a500000, 0x000000008a600000, 0x000000008a600000|100%| E|CS|TAMS 0x000000008a500000, 0x000000008a500000| Complete 
| 124|0x000000008a600000, 0x000000008a700000, 0x000000008a700000|100%| E|CS|TAMS 0x000000008a600000, 0x000000008a600000| Complete 
| 125|0x000000008a700000, 0x000000008a800000, 0x000000008a800000|100%| E|  |TAMS 0x000000008a700000, 0x000000008a700000| Complete 

Card table byte_map: [0x000002179f600000,0x000002179f9f0000] _byte_map_base: 0x000002179f1eb000

Marking Bits (Prev, Next): (CMBitMap*) 0x000002178675a950, (CMBitMap*) 0x000002178675a990
 Prev Bits: [0x000002179fde0000, 0x00000217a1d38000)
 Next Bits: [0x00000217a1d40000, 0x00000217a3c98000)

Polling page: 0x00000217867d0000

Metaspace:

Usage:
  Non-class:     13.40 MB used.
      Class:      1.88 MB used.
       Both:     15.28 MB used.

Virtual space:
  Non-class space:       64.00 MB reserved,      13.56 MB ( 21%) committed,  1 nodes.
      Class space:        1.00 GB reserved,       2.00 MB ( <1%) committed,  1 nodes.
             Both:        1.06 GB reserved,      15.56 MB (  1%) committed. 

Chunk freelists:
   Non-Class:  1.72 MB
       Class:  13.98 MB
        Both:  15.70 MB

MaxMetaspaceSize: unlimited
CompressedClassSpaceSize: 1.00 GB
Initial GC threshold: 21.00 MB
Current GC threshold: 21.00 MB
CDS: on
MetaspaceReclaimPolicy: balanced
 - commit_granule_bytes: 65536.
 - commit_granule_words: 8192.
 - virtual_space_node_default_size: 8388608.
 - enlarge_chunks_in_place: 1.
 - new_chunks_are_fully_committed: 0.
 - uncommit_free_chunks: 1.
 - use_allocation_guard: 0.
 - handle_deallocations: 1.


Internal statistics:

num_allocs_failed_limit: 0.
num_arena_births: 204.
num_arena_deaths: 0.
num_vsnodes_births: 2.
num_vsnodes_deaths: 0.
num_space_committed: 249.
num_space_uncommitted: 0.
num_chunks_returned_to_freelist: 0.
num_chunks_taken_from_freelist: 695.
num_chunk_merges: 0.
num_chunk_splits: 484.
num_chunks_enlarged: 385.
num_inconsistent_stats: 0.

CodeHeap 'non-profiled nmethods': size=120000Kb used=607Kb max_used=607Kb free=119392Kb
 bounds [0x0000021797270000, 0x00000217974e0000, 0x000002179e7a0000]
CodeHeap 'profiled nmethods': size=120000Kb used=3771Kb max_used=3771Kb free=116228Kb
 bounds [0x000002178f7a0000, 0x000002178fb50000, 0x0000021796cd0000]
CodeHeap 'non-nmethods': size=5760Kb used=1194Kb max_used=1205Kb free=4565Kb
 bounds [0x0000021796cd0000, 0x0000021796f40000, 0x0000021797270000]
 total_blobs=2410 nmethods=1918 adapters=404
 compilation: enabled
              stopped_count=0, restarted_count=0
 full_count=0

Compilation events (20 events):
Event: 4.461 Thread 0x00000217a6760330 nmethod 1834 0x000002178fb0d890 code [0x000002178fb0da80, 0x000002178fb0dd88]
Event: 4.464 Thread 0x00000217a6760330 1835       3       java.util.ArrayDeque::add (7 bytes)
Event: 4.465 Thread 0x00000217a6760330 nmethod 1835 0x000002178fb0df90 code [0x000002178fb0e120, 0x000002178fb0e2e8]
Event: 4.470 Thread 0x00000217a6760330 1837       3       java.util.ArrayDeque::poll (5 bytes)
Event: 4.471 Thread 0x00000217a6760330 nmethod 1837 0x000002178fb0e390 code [0x000002178fb0e520, 0x000002178fb0e6e8]
Event: 4.473 Thread 0x00000217a6760330 1838       3       java.lang.reflect.Constructor::newInstanceWithCaller (75 bytes)
Event: 4.474 Thread 0x00000217a6760330 nmethod 1838 0x000002178fb0e790 code [0x000002178fb0e980, 0x000002178fb0ed98]
Event: 4.485 Thread 0x00000217a6760330 1840       3       java.util.HashMap::isEmpty (13 bytes)
Event: 4.486 Thread 0x00000217a6760330 nmethod 1840 0x000002178fb0ef10 code [0x000002178fb0f0a0, 0x000002178fb0f218]
Event: 4.486 Thread 0x00000217a6760330 1841       3       java.util.regex.Pattern$BmpCharProperty::match (55 bytes)
Event: 4.486 Thread 0x00000217a6760330 nmethod 1841 0x000002178fb0f290 code [0x000002178fb0f460, 0x000002178fb0f908]
Event: 4.486 Thread 0x00000217a6760330 1842       3       java.lang.Character::isHighSurrogate (18 bytes)
Event: 4.487 Thread 0x00000217a6760330 nmethod 1842 0x000002178fb0fa90 code [0x000002178fb0fc20, 0x000002178fb0fdb8]
Event: 4.487 Thread 0x00000217a6760330 1843       3       jdk.internal.reflect.DelegatingConstructorAccessorImpl::newInstance (9 bytes)
Event: 4.487 Thread 0x00000217a6760330 nmethod 1843 0x000002178fb0fe90 code [0x000002178fb10040, 0x000002178fb10208]
Event: 4.487 Thread 0x00000217a6760330 1845       3       java.lang.invoke.MethodHandleNatives::linkCallSiteImpl (44 bytes)
Event: 4.488 Thread 0x00000217a6760330 nmethod 1845 0x000002178fb10310 code [0x000002178fb10540, 0x000002178fb10e58]
Event: 4.488 Thread 0x00000217a6760330 1846   !   3       java.lang.invoke.CallSite::makeSite (91 bytes)
Event: 4.491 Thread 0x00000217a6760330 nmethod 1846 0x000002178fb11190 code [0x000002178fb114c0, 0x000002178fb12598]
Event: 4.491 Thread 0x00000217a6760330 1847   !   3       java.lang.invoke.BootstrapMethodInvoker::invoke (974 bytes)

GC Heap History (4 events):
Event: 2.910 GC heap before
{Heap before GC invocations=0 (full 0):
 garbage-first heap   total 129024K, used 22528K [0x0000000082a00000, 0x0000000100000000)
  region size 1024K, 23 young (23552K), 0 survivors (0K)
 Metaspace       used 6735K, committed 6912K, reserved 1114112K
  class space    used 783K, committed 896K, reserved 1048576K
}
Event: 2.924 GC heap after
{Heap after GC invocations=1 (full 0):
 garbage-first heap   total 129024K, used 4966K [0x0000000082a00000, 0x0000000100000000)
  region size 1024K, 3 young (3072K), 3 survivors (3072K)
 Metaspace       used 6735K, committed 6912K, reserved 1114112K
  class space    used 783K, committed 896K, reserved 1048576K
}
Event: 4.296 GC heap before
{Heap before GC invocations=1 (full 0):
 garbage-first heap   total 129024K, used 32614K [0x0000000082a00000, 0x0000000100000000)
  region size 1024K, 31 young (31744K), 3 survivors (3072K)
 Metaspace       used 13704K, committed 13952K, reserved 1114112K
  class space    used 1647K, committed 1792K, reserved 1048576K
}
Event: 4.305 GC heap after
{Heap after GC invocations=2 (full 0):
 garbage-first heap   total 129024K, used 7428K [0x0000000082a00000, 0x0000000100000000)
  region size 1024K, 3 young (3072K), 3 survivors (3072K)
 Metaspace       used 13704K, committed 13952K, reserved 1114112K
  class space    used 1647K, committed 1792K, reserved 1048576K
}

Deoptimization events (20 events):
Event: 4.365 Thread 0x00000217ec52e030 Uncommon trap: trap_request=0xffffffc6 fr.pc=0x00000217972c0b30 relative=0x00000000000004d0
Event: 4.365 Thread 0x00000217ec52e030 Uncommon trap: reason=bimorphic_or_optimized_type_check action=maybe_recompile pc=0x00000217972c0b30 method=java.util.HashMap.getNode(Ljava/lang/Object;)Ljava/util/HashMap$Node; @ 63 c2
Event: 4.365 Thread 0x00000217ec52e030 DEOPT PACKING pc=0x00000217972c0b30 sp=0x000000eb8c0fdaa0
Event: 4.365 Thread 0x00000217ec52e030 DEOPT UNPACKING pc=0x0000021796d223a3 sp=0x000000eb8c0fda18 mode 2
Event: 4.449 Thread 0x00000217ec52e030 Uncommon trap: trap_request=0xffffff45 fr.pc=0x00000217972a9d04 relative=0x0000000000000624
Event: 4.449 Thread 0x00000217ec52e030 Uncommon trap: reason=unstable_if action=reinterpret pc=0x00000217972a9d04 method=java.util.zip.ZipCoder.hash(Ljava/lang/String;)I @ 23 c2
Event: 4.449 Thread 0x00000217ec52e030 DEOPT PACKING pc=0x00000217972a9d04 sp=0x000000eb8c0fd8e0
Event: 4.449 Thread 0x00000217ec52e030 DEOPT UNPACKING pc=0x0000021796d223a3 sp=0x000000eb8c0fd7f0 mode 2
Event: 4.450 Thread 0x00000217ec52e030 Uncommon trap: trap_request=0xffffff45 fr.pc=0x00000217972a6de8 relative=0x0000000000000248
Event: 4.450 Thread 0x00000217ec52e030 Uncommon trap: reason=unstable_if action=reinterpret pc=0x00000217972a6de8 method=java.util.zip.ZipCoder.hash(Ljava/lang/String;)I @ 23 c2
Event: 4.450 Thread 0x00000217ec52e030 DEOPT PACKING pc=0x00000217972a6de8 sp=0x000000eb8c0fd850
Event: 4.450 Thread 0x00000217ec52e030 DEOPT UNPACKING pc=0x0000021796d223a3 sp=0x000000eb8c0fd7e8 mode 2
Event: 4.452 Thread 0x00000217ec52e030 Uncommon trap: trap_request=0xffffff45 fr.pc=0x0000021797290ac0 relative=0x0000000000000040
Event: 4.452 Thread 0x00000217ec52e030 Uncommon trap: reason=unstable_if action=reinterpret pc=0x0000021797290ac0 method=sun.nio.fs.WindowsPathParser.isSlash(C)Z @ 9 c2
Event: 4.452 Thread 0x00000217ec52e030 DEOPT PACKING pc=0x0000021797290ac0 sp=0x000000eb8c0fda70
Event: 4.453 Thread 0x00000217ec52e030 DEOPT UNPACKING pc=0x0000021796d223a3 sp=0x000000eb8c0fd9f8 mode 2
Event: 4.478 Thread 0x00000217ec52e030 Uncommon trap: trap_request=0xffffff45 fr.pc=0x00000217972fed44 relative=0x0000000000000524
Event: 4.478 Thread 0x00000217ec52e030 Uncommon trap: reason=unstable_if action=reinterpret pc=0x00000217972fed44 method=java.util.StringTokenizer.scanToken(I)I @ 42 c2
Event: 4.478 Thread 0x00000217ec52e030 DEOPT PACKING pc=0x00000217972fed44 sp=0x000000eb8c0fd4d0
Event: 4.478 Thread 0x00000217ec52e030 DEOPT UNPACKING pc=0x0000021796d223a3 sp=0x000000eb8c0fd460 mode 2

Classes unloaded (0 events):
No events

Classes redefined (0 events):
No events

Internal exceptions (20 events):
Event: 3.364 Thread 0x00000217ec52e030 Exception <a 'java/lang/NoSuchMethodError'{0x000000008a176870}: 'void java.lang.invoke.DirectMethodHandle$Holder.invokeStaticInit(java.lang.Object, java.lang.Object, java.lang.Object)'> (0x000000008a176870) 
thrown [s\open\src\hotspot\share\interpreter\linkResolver.cpp, line 759]
Event: 3.375 Thread 0x00000217ec52e030 Exception <a 'java/lang/NoSuchMethodError'{0x000000008a188418}: 'java.lang.Object java.lang.invoke.DirectMethodHandle$Holder.invokeStatic(java.lang.Object, java.lang.Object, long, java.lang.Object)'> (0x000000008a188418) 
thrown [s\open\src\hotspot\share\interpreter\linkResolver.cpp, line 759]
Event: 3.375 Thread 0x00000217ec52e030 Exception <a 'java/lang/NoSuchMethodError'{0x000000008a18beb0}: 'java.lang.Object java.lang.invoke.DirectMethodHandle$Holder.invokeStaticInit(java.lang.Object, java.lang.Object, long, java.lang.Object)'> (0x000000008a18beb0) 
thrown [s\open\src\hotspot\share\interpreter\linkResolver.cpp, line 759]
Event: 3.376 Thread 0x00000217ec52e030 Exception <a 'java/lang/NoSuchMethodError'{0x000000008a1925b8}: 'java.lang.Object java.lang.invoke.DirectMethodHandle$Holder.newInvokeSpecial(java.lang.Object, java.lang.Object, long)'> (0x000000008a1925b8) 
thrown [s\open\src\hotspot\share\interpreter\linkResolver.cpp, line 759]
Event: 3.377 Thread 0x00000217ec52e030 Exception <a 'java/lang/NoSuchMethodError'{0x000000008a196128}: 'java.lang.Object java.lang.invoke.Invokers$Holder.linkToTargetMethod(java.lang.Object, long, java.lang.Object)'> (0x000000008a196128) 
thrown [s\open\src\hotspot\share\interpreter\linkResolver.cpp, line 759]
Event: 3.412 Thread 0x00000217ec52e030 Exception <a 'java/lang/NoSuchMethodError'{0x000000008a1e2b88}: 'void java.lang.invoke.DirectMethodHandle$Holder.invokeVirtual(java.lang.Object, java.lang.Object, java.lang.Object, java.lang.Object)'> (0x000000008a1e2b88) 
thrown [s\open\src\hotspot\share\interpreter\linkResolver.cpp, line 759]
Event: 3.501 Thread 0x00000217ec52e030 Exception <a 'java/lang/NoSuchMethodError'{0x0000000089f2b970}: 'void java.lang.invoke.DirectMethodHandle$Holder.invokeSpecial(java.lang.Object, java.lang.Object, java.lang.Object)'> (0x0000000089f2b970) 
thrown [s\open\src\hotspot\share\interpreter\linkResolver.cpp, line 759]
Event: 3.503 Thread 0x00000217ec52e030 Exception <a 'java/lang/NoSuchMethodError'{0x0000000089f31f48}: 'void java.lang.invoke.DirectMethodHandle$Holder.invokeSpecial(java.lang.Object, java.lang.Object, java.lang.Object, java.lang.Object, java.lang.Object)'> (0x0000000089f31f48) 
thrown [s\open\src\hotspot\share\interpreter\linkResolver.cpp, line 759]
Event: 3.520 Thread 0x00000217ec52e030 Exception <a 'java/lang/IncompatibleClassChangeError'{0x0000000089f853f0}: Found class java.lang.Object, but interface was expected> (0x0000000089f853f0) 
thrown [s\open\src\hotspot\share\interpreter\linkResolver.cpp, line 826]
Event: 3.526 Thread 0x00000217ec835f50 Exception <a 'java/lang/NoClassDefFoundError'{0x0000000089f716c0}: jakarta/validation/Validation> (0x0000000089f716c0) 
thrown [s\open\src\hotspot\share\classfile\systemDictionary.cpp, line 245]
Event: 4.435 Thread 0x00000217ec835f50 Exception <a 'java/lang/NoSuchMethodError'{0x000000008a223698}: 'long java.lang.invoke.DirectMethodHandle$Holder.invokeSpecial(java.lang.Object, java.lang.Object)'> (0x000000008a223698) 
thrown [s\open\src\hotspot\share\interpreter\linkResolver.cpp, line 759]
Event: 4.439 Thread 0x00000217ec835f50 Exception <a 'java/lang/NoSuchMethodError'{0x000000008a22e8c0}: 'long java.lang.invoke.DirectMethodHandle$Holder.invokeStatic(java.lang.Object, java.lang.Object)'> (0x000000008a22e8c0) 
thrown [s\open\src\hotspot\share\interpreter\linkResolver.cpp, line 759]
Event: 4.440 Thread 0x00000217ec835f50 Exception <a 'java/lang/NoSuchMethodError'{0x000000008a231ec0}: 'long java.lang.invoke.DirectMethodHandle$Holder.invokeStaticInit(java.lang.Object, java.lang.Object)'> (0x000000008a231ec0) 
thrown [s\open\src\hotspot\share\interpreter\linkResolver.cpp, line 759]
Event: 4.441 Thread 0x00000217ec52e030 Exception <a 'java/lang/NoSuchMethodError'{0x000000008a362d28}: 'java.lang.Object java.lang.invoke.DirectMethodHandle$Holder.invokeVirtual(java.lang.Object, java.lang.Object, java.lang.Object)'> (0x000000008a362d28) 
thrown [s\open\src\hotspot\share\interpreter\linkResolver.cpp, line 759]
Event: 4.443 Thread 0x00000217ec835f50 Exception <a 'java/lang/NoSuchMethodError'{0x000000008a23fa68}: 'long java.lang.invoke.DirectMethodHandle$Holder.invokeInterface(java.lang.Object, java.lang.Object)'> (0x000000008a23fa68) 
thrown [s\open\src\hotspot\share\interpreter\linkResolver.cpp, line 759]
Event: 4.444 Thread 0x00000217ec835f50 Exception <a 'java/lang/IncompatibleClassChangeError'{0x000000008a242ff8}: Found class java.lang.Object, but interface was expected> (0x000000008a242ff8) 
thrown [s\open\src\hotspot\share\interpreter\linkResolver.cpp, line 826]
Event: 4.453 Thread 0x00000217ec52e030 Exception <a 'sun/nio/fs/WindowsException'{0x000000008a37c080}> (0x000000008a37c080) 
thrown [s\open\src\hotspot\share\prims\jni.cpp, line 516]
Event: 4.460 Thread 0x00000217ec52e030 Exception <a 'java/lang/NoSuchMethodError'{0x000000008a37d8e0}: 'int java.lang.invoke.DirectMethodHandle$Holder.invokeSpecial(java.lang.Object, java.lang.Object, java.lang.Object, java.lang.Object, java.lang.Object)'> (0x000000008a37d8e0) 
thrown [s\open\src\hotspot\share\interpreter\linkResolver.cpp, line 759]
Event: 4.466 Thread 0x00000217ec52e030 Exception <a 'java/lang/NoSuchMethodError'{0x000000008a2842d0}: 'void java.lang.invoke.DirectMethodHandle$Holder.invokeVirtual(java.lang.Object, java.lang.Object)'> (0x000000008a2842d0) 
thrown [s\open\src\hotspot\share\interpreter\linkResolver.cpp, line 759]
Event: 4.483 Thread 0x00000217ec835f50 Exception <a 'java/lang/NoSuchMethodError'{0x000000008a12f8e8}: 'java.lang.Object java.lang.invoke.DirectMethodHandle$Holder.invokeVirtual(java.lang.Object, java.lang.Object, java.lang.Object, java.lang.Object)'> (0x000000008a12f8e8) 
thrown [s\open\src\hotspot\share\interpreter\linkResolver.cpp, line 759]

VM Operations (20 events):
Event: 3.286 Executing VM operation: HandshakeAllThreads
Event: 3.286 Executing VM operation: HandshakeAllThreads done
Event: 3.485 Executing VM operation: HandshakeAllThreads
Event: 3.486 Executing VM operation: HandshakeAllThreads done
Event: 3.496 Executing VM operation: HandshakeAllThreads
Event: 3.496 Executing VM operation: HandshakeAllThreads done
Event: 3.496 Executing VM operation: HandshakeAllThreads
Event: 3.496 Executing VM operation: HandshakeAllThreads done
Event: 3.996 Executing VM operation: HandshakeAllThreads
Event: 3.996 Executing VM operation: HandshakeAllThreads done
Event: 3.996 Executing VM operation: Cleanup
Event: 3.996 Executing VM operation: Cleanup done
Event: 4.270 Executing VM operation: HandshakeAllThreads
Event: 4.270 Executing VM operation: HandshakeAllThreads done
Event: 4.295 Executing VM operation: G1CollectForAllocation
Event: 4.305 Executing VM operation: G1CollectForAllocation done
Event: 4.378 Executing VM operation: HandshakeAllThreads
Event: 4.378 Executing VM operation: HandshakeAllThreads done
Event: 4.413 Executing VM operation: HandshakeAllThreads
Event: 4.413 Executing VM operation: HandshakeAllThreads done

Events (20 events):
Event: 4.471 loading class java/util/stream/SortedOps done
Event: 4.471 loading class java/util/stream/SortedOps$OfRef
Event: 4.472 loading class java/util/stream/SortedOps$OfRef done
Event: 4.472 loading class java/util/Comparators$NaturalOrderComparator
Event: 4.473 loading class java/util/Comparators$NaturalOrderComparator done
Event: 4.475 loading class java/util/stream/SortedOps$RefSortingSink
Event: 4.476 loading class java/util/stream/SortedOps$AbstractRefSortingSink
Event: 4.476 loading class java/util/stream/SortedOps$AbstractRefSortingSink done
Event: 4.476 loading class java/util/stream/SortedOps$RefSortingSink done
Event: 4.477 loading class sun/nio/fs/WindowsPath$WindowsPathWithAttributes
Event: 4.477 loading class sun/nio/fs/BasicFileAttributesHolder
Event: 4.477 loading class sun/nio/fs/BasicFileAttributesHolder done
Event: 4.477 loading class sun/nio/fs/WindowsPath$WindowsPathWithAttributes done
Event: 4.483 loading class java/util/regex/Pattern$LazyLoop
Event: 4.485 loading class java/util/regex/Pattern$Loop
Event: 4.485 loading class java/util/regex/Pattern$Loop done
Event: 4.485 loading class java/util/regex/Pattern$LazyLoop done
Event: 4.485 loading class java/util/regex/Pattern$Prolog
Event: 4.485 loading class java/util/regex/Pattern$Prolog done
Event: 4.492 Thread 0x00000217ec835f50 Thread exited: 0x00000217ec835f50


Dynamic libraries:
0x00007ff6e36e0000 - 0x00007ff6e36f0000 	D:\jdk17\bin\java.exe
0x00007ffcf3240000 - 0x00007ffcf3449000 	C:\WINDOWS\SYSTEM32\ntdll.dll
0x00007ffcf1b60000 - 0x00007ffcf1c1d000 	C:\WINDOWS\System32\KERNEL32.DLL
0x00007ffcf0d00000 - 0x00007ffcf1084000 	C:\WINDOWS\System32\KERNELBASE.dll
0x00007ffcf06d0000 - 0x00007ffcf07e1000 	C:\WINDOWS\System32\ucrtbase.dll
0x00007ffcdc2b0000 - 0x00007ffcdc2cb000 	D:\jdk17\bin\VCRUNTIME140.dll
0x00007ffcdd600000 - 0x00007ffcdd619000 	D:\jdk17\bin\jli.dll
0x00007ffcf1a40000 - 0x00007ffcf1aee000 	C:\WINDOWS\System32\ADVAPI32.dll
0x00007ffcf23f0000 - 0x00007ffcf2493000 	C:\WINDOWS\System32\msvcrt.dll
0x00007ffcf1930000 - 0x00007ffcf19ce000 	C:\WINDOWS\System32\sechost.dll
0x00007ffcf1090000 - 0x00007ffcf11b1000 	C:\WINDOWS\System32\RPCRT4.dll
0x00007ffcf2240000 - 0x00007ffcf23ed000 	C:\WINDOWS\System32\USER32.dll
0x00007ffcf0b70000 - 0x00007ffcf0b96000 	C:\WINDOWS\System32\win32u.dll
0x00007ffcf2f50000 - 0x00007ffcf2f7a000 	C:\WINDOWS\System32\GDI32.dll
0x00007ffcda0d0000 - 0x00007ffcda375000 	C:\WINDOWS\WinSxS\amd64_microsoft.windows.common-controls_6595b64144ccf1df_6.0.22000.120_none_9d947278b86cc467\COMCTL32.dll
0x00007ffcf0a50000 - 0x00007ffcf0b6e000 	C:\WINDOWS\System32\gdi32full.dll
0x00007ffcf0c60000 - 0x00007ffcf0cfd000 	C:\WINDOWS\System32\msvcp_win.dll
0x00007ffce9c10000 - 0x00007ffce9c1a000 	C:\WINDOWS\SYSTEM32\VERSION.dll
0x00007ffcf2180000 - 0x00007ffcf21b1000 	C:\WINDOWS\System32\IMM32.DLL
0x00007ffcecbb0000 - 0x00007ffcecbbc000 	D:\jdk17\bin\vcruntime140_1.dll
0x00007ffcdadd0000 - 0x00007ffcdae5e000 	D:\jdk17\bin\msvcp140.dll
0x00007ffca9fa0000 - 0x00007ffcaab7f000 	D:\jdk17\bin\server\jvm.dll
0x00007ffcf24a0000 - 0x00007ffcf24a8000 	C:\WINDOWS\System32\PSAPI.DLL
0x00007ffcedaf0000 - 0x00007ffcedaf9000 	C:\WINDOWS\SYSTEM32\WSOCK32.dll
0x00007ffce2770000 - 0x00007ffce27a3000 	C:\WINDOWS\SYSTEM32\WINMM.dll
0x00007ffcf17d0000 - 0x00007ffcf183f000 	C:\WINDOWS\System32\WS2_32.dll
0x00007ffcef830000 - 0x00007ffcef848000 	C:\WINDOWS\SYSTEM32\kernel.appcore.dll
0x00007ffce7f80000 - 0x00007ffce7f8a000 	D:\jdk17\bin\jimage.dll
0x00007ffce9710000 - 0x00007ffce9931000 	C:\WINDOWS\SYSTEM32\DBGHELP.DLL
0x00007ffce3bd0000 - 0x00007ffce3c01000 	C:\WINDOWS\SYSTEM32\dbgcore.DLL
0x00007ffcf09d0000 - 0x00007ffcf0a4f000 	C:\WINDOWS\System32\bcryptPrimitives.dll
0x00007ffce7c80000 - 0x00007ffce7c8e000 	D:\jdk17\bin\instrument.dll
0x00007ffcdc1d0000 - 0x00007ffcdc1f5000 	D:\jdk17\bin\java.dll
0x00007ffccb7c0000 - 0x00007ffccb897000 	D:\jdk17\bin\jsvml.dll
0x00007ffcf24b0000 - 0x00007ffcf2c75000 	C:\WINDOWS\System32\SHELL32.dll
0x00007ffcee7b0000 - 0x00007ffcef012000 	C:\WINDOWS\SYSTEM32\windows.storage.dll
0x00007ffcf11d0000 - 0x00007ffcf1546000 	C:\WINDOWS\System32\combase.dll
0x00007ffcee640000 - 0x00007ffcee7a7000 	C:\WINDOWS\SYSTEM32\wintypes.dll
0x00007ffcf1840000 - 0x00007ffcf192a000 	C:\WINDOWS\System32\SHCORE.dll
0x00007ffcf2ed0000 - 0x00007ffcf2f2d000 	C:\WINDOWS\System32\shlwapi.dll
0x00007ffcf0600000 - 0x00007ffcf0625000 	C:\WINDOWS\SYSTEM32\profapi.dll
0x00007ffcdadb0000 - 0x00007ffcdadc8000 	D:\jdk17\bin\zip.dll
0x00007ffcdc000000 - 0x00007ffcdc019000 	D:\jdk17\bin\net.dll
0x00007ffceb9f0000 - 0x00007ffcebb04000 	C:\WINDOWS\SYSTEM32\WINHTTP.dll
0x00007ffcefce0000 - 0x00007ffcefd47000 	C:\WINDOWS\system32\mswsock.dll
0x00007ffcdbfe0000 - 0x00007ffcdbff6000 	D:\jdk17\bin\nio.dll
0x00007ffcdad90000 - 0x00007ffcdadaa000 	D:\IntelliJ IDEA Community Edition 2023.3.3\bin\breakgen64.dll
0x00007ffce3910000 - 0x00007ffce391a000 	D:\jdk17\bin\management.dll
0x00007ffce3560000 - 0x00007ffce356b000 	D:\jdk17\bin\management_ext.dll

dbghelp: loaded successfully - version: 4.0.5 - missing functions: none
symbol engine: initialized successfully - sym options: 0x614 - pdb path: .;D:\jdk17\bin;C:\WINDOWS\SYSTEM32;C:\WINDOWS\WinSxS\amd64_microsoft.windows.common-controls_6595b64144ccf1df_6.0.22000.120_none_9d947278b86cc467;D:\jdk17\bin\server;D:\IntelliJ IDEA Community Edition 2023.3.3\bin

VM Arguments:
jvm_args: -javaagent:D:\IntelliJ IDEA Community Edition 2023.3.3\lib\idea_rt.jar=65044:D:\IntelliJ IDEA Community Edition 2023.3.3\bin -Dfile.encoding=UTF-8 
java_command: com.nowcoder.community.CommunityApplication
java_class_path (initial): D:\work\workspace\community\target\classes;C:\Users\86138\.m2\repository\org\springframework\boot\spring-boot-starter-aop\3.1.8\spring-boot-starter-aop-3.1.8.jar;C:\Users\86138\.m2\repository\org\springframework\boot\spring-boot-starter\3.1.8\spring-boot-starter-3.1.8.jar;C:\Users\86138\.m2\repository\org\springframework\boot\spring-boot-starter-logging\3.1.8\spring-boot-starter-logging-3.1.8.jar;C:\Users\86138\.m2\repository\ch\qos\logback\logback-classic\1.4.14\logback-classic-1.4.14.jar;C:\Users\86138\.m2\repository\ch\qos\logback\logback-core\1.4.14\logback-core-1.4.14.jar;C:\Users\86138\.m2\repository\org\apache\logging\log4j\log4j-to-slf4j\2.20.0\log4j-to-slf4j-2.20.0.jar;C:\Users\86138\.m2\repository\org\apache\logging\log4j\log4j-api\2.20.0\log4j-api-2.20.0.jar;C:\Users\86138\.m2\repository\org\slf4j\jul-to-slf4j\2.0.11\jul-to-slf4j-2.0.11.jar;C:\Users\86138\.m2\repository\jakarta\annotation\jakarta.annotation-api\2.1.1\jakarta.annotation-api-2.1.1.jar;C:\Users\86138\.m2\repository\org\yaml\snakeyaml\1.33\snakeyaml-1.33.jar;C:\Users\86138\.m2\repository\org\springframework\spring-aop\6.0.16\spring-aop-6.0.16.jar;C:\Users\86138\.m2\repository\org\springframework\spring-beans\6.0.16\spring-beans-6.0.16.jar;C:\Users\86138\.m2\repository\org\aspectj\aspectjweaver\1.9.21\aspectjweaver-1.9.21.jar;C:\Users\86138\.m2\repository\org\springframework\boot\spring-boot-starter-thymeleaf\3.1.8\spring-boot-starter-thymeleaf-3.1.8.jar;C:\Users\86138\.m2\repository\org\thymeleaf\thymeleaf-spring6\3.1.2.RELEASE\thymeleaf-spring6-3.1.2.RELEASE.jar;C:\Users\86138\.m2\repository\org\thymeleaf\thymeleaf\3.1.2.RELEASE\thymeleaf-3.1.2.RELEASE.jar;C:\Users\86138\.m2\repository\org\attoparser\attoparser\2.0.7.RELEASE\attoparser-2.0.7.RELEASE.jar;C:\Users\86138\.m2\repository\org\unbescape\unbescape\1.1.6.RELEASE\unbescape-1.1.6.RELEASE.jar;C:\Users\86138\.m2\repository\org\slf4j\slf4j-api\2.0.11\slf4j-api-2.0.11.jar;C:\Users\86138\.m2\repository\org\sprin
Launcher Type: SUN_STANDARD

[Global flags]
     intx CICompilerCount                          = 4                                         {product} {ergonomic}
     uint ConcGCThreads                            = 2                                         {product} {ergonomic}
     uint G1ConcRefinementThreads                  = 8                                         {product} {ergonomic}
   size_t G1HeapRegionSize                         = 1048576                                   {product} {ergonomic}
    uintx GCDrainStackTargetSize                   = 64                                        {product} {ergonomic}
   size_t InitialHeapSize                          = 132120576                                 {product} {ergonomic}
   size_t MarkStackSize                            = 4194304                                   {product} {ergonomic}
   size_t MaxHeapSize                              = 2103443456                                {product} {ergonomic}
   size_t MaxNewSize                               = 1261436928                                {product} {ergonomic}
   size_t MinHeapDeltaBytes                        = 1048576                                   {product} {ergonomic}
   size_t MinHeapSize                              = 8388608                                   {product} {ergonomic}
    uintx NonNMethodCodeHeapSize                   = 5839372                                {pd product} {ergonomic}
    uintx NonProfiledCodeHeapSize                  = 122909434                              {pd product} {ergonomic}
    uintx ProfiledCodeHeapSize                     = 122909434                              {pd product} {ergonomic}
    uintx ReservedCodeCacheSize                    = 251658240                              {pd product} {ergonomic}
     bool SegmentedCodeCache                       = true                                      {product} {ergonomic}
   size_t SoftMaxHeapSize                          = 2103443456                             {manageable} {ergonomic}
     bool UseCompressedClassPointers               = true                           {product lp64_product} {ergonomic}
     bool UseCompressedOops                        = true                           {product lp64_product} {ergonomic}
     bool UseG1GC                                  = true                                      {product} {ergonomic}
     bool UseLargePagesIndividualAllocation        = false                                  {pd product} {ergonomic}

Logging:
Log output configuration:
 #0: stdout all=warning uptime,level,tags
 #1: stderr all=off uptime,level,tags

Environment Variables:
JAVA_HOME=D:\jdk8
PATH=C:\ProgramData\Oracle\Java\javapath;C:\Program Files\NVIDIA GPU Computing Toolkit\CUDA\v11.1\bin;C:\Program Files\NVIDIA GPU Computing Toolkit\CUDA\v11.1\libnvvp;C:\Windows\system32;C:\Windows;C:\Windows\System32\Wbem;C:\Windows\System32\WindowsPowerShell\v1.0\;C:\Windows\System32\OpenSSH\;C:\Program Files (x86)\NVIDIA Corporation\PhysX\Common;C:\Program Files\NVIDIA Corporation\NVIDIA NvDLISR;C:\WINDOWS\system32;C:\WINDOWS;C:\WINDOWS\System32\Wbem;C:\WINDOWS\System32\WindowsPowerShell\v1.0\;C:\WINDOWS\System32\OpenSSH\;C:\Program Files\MySQL\MySQL Server 8.0\bin;C:\Program Files\NVIDIA Corporation\Nsight Compute 2020.2.1\;F:\\;C:\Program Files\Git\cmd;C:\Program Files (x86)\NetSarang\Xftp 7\;D:\maven\apache-maven-3.6.1-bin\bin;C:\Users\86138\AppData\Local\Programs\Python\Python310\Scripts\;C:\Users\86138\AppData\Local\Programs\Python\Python310\;C:\Program Files\MySQL\MySQL Shell 8.0\bin\;C:\Users\86138\AppData\Local\Microsoft\WindowsApps;F:\PyCharm 2022.1\bin;;C:\Program Files (x86)\Tencent\QQGameTempest\Hall.57768\;C:\Program Files\JetBrains\PyCharm Community Edition 2022.1.2\bin;;D:\jdk8\bin;
USERNAME=86138
OS=Windows_NT
PROCESSOR_IDENTIFIER=Intel64 Family 6 Model 142 Stepping 12, GenuineIntel



---------------  S Y S T E M  ---------------

OS:
 Windows 11 , 64 bit Build 22000 (10.0.22000.2538)
OS uptime: 13 days 23:11 hours

CPU: total 8 (initial active 8) (4 cores per cpu, 2 threads per core) family 6 model 142 stepping 12 microcode 0xde, cx8, cmov, fxsr, ht, mmx, 3dnowpref, sse, sse2, sse3, ssse3, sse4.1, sse4.2, popcnt, lzcnt, tsc, tscinvbit, avx, avx2, aes, erms, clmul, bmi1, bmi2, adx, fma, vzeroupper, clflush, clflushopt

Memory: 4k page, system-wide physical 8022M (23M free)
TotalPageFile size 26772M (AvailPageFile size 2M)
current process WorkingSet (physical memory assigned to process): 105M, peak: 105M
current process commit charge ("private bytes"): 244M, peak: 244M

vm_info: Java HotSpot(TM) 64-Bit Server VM (17.0.10+11-LTS-240) for windows-amd64 JRE (17.0.10+11-LTS-240), built on Dec 19 2023 21:47:25 by "mach5one" with MS VC++ 17.1 (VS2022)

END.
